<?xml version="1.0" encoding="UTF-8"?>
<!-- Generated by org.testng.reporters.JUnitReportReporter -->
<testsuite skipped="0" hostname="Pranay" name="com.hrm.testcases.AddDisciplinaryCase" tests="2" failures="0" timestamp="13 Oct 2020 17:50:55 GMT" time="88.769" errors="0">
  <testcase name="validateDisciplineCaseTitle" time="41.884" classname="com.hrm.testcases.AddDisciplinaryCase"/>
  <testcase name="addDisciplineCase" time="46.885" classname="com.hrm.testcases.AddDisciplinaryCase"/>
</testsuite> <!-- com.hrm.testcases.AddDisciplinaryCase -->
