<?xml version="1.0" encoding="UTF-8"?>
<!-- Generated by org.testng.reporters.JUnitReportReporter -->
<testsuite skipped="0" hostname="Pranay" name="com.hrm.testcases.LoginPageTest" tests="1" failures="0" timestamp="14 Oct 2020 04:55:29 GMT" time="9.702" errors="0">
  <testcase name="validateHrmLogo" time="9.702" classname="com.hrm.testcases.LoginPageTest"/>
</testsuite> <!-- com.hrm.testcases.LoginPageTest -->
