<?xml version="1.0" encoding="UTF-8"?>
<!-- Generated by org.testng.reporters.JUnitReportReporter -->
<testsuite skipped="0" hostname="Pranay" name="com.hrm.testcases.LogoutPageTest" tests="1" failures="0" timestamp="13 Oct 2020 17:50:55 GMT" time="27.862" errors="0">
  <testcase name="LogOut" time="27.862" classname="com.hrm.testcases.LogoutPageTest"/>
</testsuite> <!-- com.hrm.testcases.LogoutPageTest -->
